<?xml version="1.0" encoding="UTF-8"?>
<!-- Generated by org.testng.reporters.JUnitXMLReporter -->
<testsuite hostname="BRD-PG00WC4S-L" ignored="4" name="Smoke test" tests="12" failures="1" timestamp="17 Jan 2019 10:55:28 GMT" time="274.224" errors="0">
  <testcase name="@AfterMethod tearDown" time="0.01" classname="tests.SmartRetentionPageTest">
    <failure type="org.openqa.selenium.NoSuchWindowException" message="no such window: target window already closed
from unknown error: web view not found
  (Session info: chrome=71.0.3578.98)
  (Driver info: chromedriver=2.40.565498 (ea082db3280dd6843ebfb08a625e3eb905c4f5ab),platform=Windows NT 10.0.17134 x86_64) (WARNING: The server did not provide any stacktrace information)
Command duration or timeout: 0 milliseconds
Build info: version: &amp;apos;3.13.0&amp;apos;, revision: &amp;apos;2f0d292&amp;apos;, time: &amp;apos;2018-06-25T15:24:21.231Z&amp;apos;
System info: host: &amp;apos;BRD-PG00WC4S-L&amp;apos;, ip: &amp;apos;10.33.16.18&amp;apos;, os.name: &amp;apos;Windows 10&amp;apos;, os.arch: &amp;apos;amd64&amp;apos;, os.version: &amp;apos;10.0&amp;apos;, java.version: &amp;apos;1.8.0_171&amp;apos;
Driver info: org.openqa.selenium.chrome.ChromeDriver
Capabilities {acceptInsecureCerts: false, acceptSslCerts: false, applicationCacheEnabled: false, browserConnectionEnabled: false, browserName: chrome, chrome: {chromedriverVersion: 2.40.565498 (ea082db3280dd6..., userDataDir: C:\Users\DISHA~1.SHA\AppDat...}, cssSelectorsEnabled: true, databaseEnabled: false, handlesAlerts: true, hasTouchScreen: false, javascriptEnabled: true, locationContextEnabled: true, mobileEmulationEnabled: false, nativeEvents: true, networkConnectionEnabled: false, pageLoadStrategy: normal, platform: XP, platformName: XP, rotatable: false, setWindowRect: true, takesHeapSnapshot: true, takesScreenshot: true, unexpectedAlertBehaviour: , unhandledPromptBehavior: , version: 71.0.3578.98, webStorageEnabled: true}
Session ID: 7e92576333cd91428b3d995901607cf2
*** Element info: {Using=link text, value=User: administrator}">
      <![CDATA[org.openqa.selenium.NoSuchWindowException: no such window: target window already closed
from unknown error: web view not found
  (Session info: chrome=71.0.3578.98)
  (Driver info: chromedriver=2.40.565498 (ea082db3280dd6843ebfb08a625e3eb905c4f5ab),platform=Windows NT 10.0.17134 x86_64) (WARNING: The server did not provide any stacktrace information)
Command duration or timeout: 0 milliseconds
Build info: version: '3.13.0', revision: '2f0d292', time: '2018-06-25T15:24:21.231Z'
System info: host: 'BRD-PG00WC4S-L', ip: '10.33.16.18', os.name: 'Windows 10', os.arch: 'amd64', os.version: '10.0', java.version: '1.8.0_171'
Driver info: org.openqa.selenium.chrome.ChromeDriver
Capabilities {acceptInsecureCerts: false, acceptSslCerts: false, applicationCacheEnabled: false, browserConnectionEnabled: false, browserName: chrome, chrome: {chromedriverVersion: 2.40.565498 (ea082db3280dd6..., userDataDir: C:\Users\DISHA~1.SHA\AppDat...}, cssSelectorsEnabled: true, databaseEnabled: false, handlesAlerts: true, hasTouchScreen: false, javascriptEnabled: true, locationContextEnabled: true, mobileEmulationEnabled: false, nativeEvents: true, networkConnectionEnabled: false, pageLoadStrategy: normal, platform: XP, platformName: XP, rotatable: false, setWindowRect: true, takesHeapSnapshot: true, takesScreenshot: true, unexpectedAlertBehaviour: , unhandledPromptBehavior: , version: 71.0.3578.98, webStorageEnabled: true}
Session ID: 7e92576333cd91428b3d995901607cf2
*** Element info: {Using=link text, value=User: administrator}
at org.openqa.selenium.remote.ErrorHandler.createThrowable(ErrorHandler.java:214)
at org.openqa.selenium.remote.ErrorHandler.throwIfResponseFailed(ErrorHandler.java:166)
at org.openqa.selenium.remote.http.JsonHttpResponseCodec.reconstructValue(JsonHttpResponseCodec.java:40)
at org.openqa.selenium.remote.http.AbstractHttpResponseCodec.decode(AbstractHttpResponseCodec.java:80)
at org.openqa.selenium.remote.http.AbstractHttpResponseCodec.decode(AbstractHttpResponseCodec.java:44)
at org.openqa.selenium.remote.HttpCommandExecutor.execute(HttpCommandExecutor.java:158)
at org.openqa.selenium.remote.service.DriverCommandExecutor.execute(DriverCommandExecutor.java:83)
at org.openqa.selenium.remote.RemoteWebDriver.execute(RemoteWebDriver.java:548)
at org.openqa.selenium.remote.RemoteWebDriver.findElement(RemoteWebDriver.java:322)
at org.openqa.selenium.remote.RemoteWebDriver.findElementByLinkText(RemoteWebDriver.java:376)
at org.openqa.selenium.By$ByLinkText.findElement(By.java:220)
at org.openqa.selenium.remote.RemoteWebDriver.findElement(RemoteWebDriver.java:314)
at helper.DriverOperations.expandTopNavigationMenuAndPerformNavitation(DriverOperations.java:55)
at helper.DriverOperations.logOut(DriverOperations.java:186)
at tests.SmartRetentionPageTest.tearDown(SmartRetentionPageTest.java:70)
... Removed 32 stack frames]]>
    </failure>
  </testcase> <!-- @AfterMethod tearDown -->
  <testcase name="verifiedValidLogin" time="4.06" classname="tests.LoginPageTest"/>
  <testcase name="verifyDepositlinkclick" time="0.786" classname="tests.HomePageTest"/>
  <testcase name="selectFile" time="12.69" classname="tests.SmartDepositPageTest"/>
  <testcase name="selectFilemultiFile" time="13.084" classname="tests.SmartDepositPageTest"/>
  <testcase name="QuickSearch" time="6.494" classname="tests.SmartRetrievePageTest"/>
  <testcase name="AdvSearch" time="6.793" classname="tests.SmartRetrievePageTest"/>
  <testcase name="SimpleSaveSearch" time="7.228" classname="tests.SmartRetrievePageTest"/>
  <testcase name="deletesearch" time="6.949" classname="tests.SmartRetrievePageTest"/>
  <testcase name="CreateNewRule" time="7.126" classname="tests.SmartRetentionPageTest"/>
  <testcase name="CreateNewRule" time="7.072" classname="tests.SmartRetentionPageTest"/>
  <testcase name="DeleteRule" time="4.089" classname="tests.SmartRetentionPageTest"/>
  <testcase name="setAsociation" time="34.224" classname="tests.SmartRetentionPageTest">
    <failure type="java.lang.NullPointerException">
      <![CDATA[java.lang.NullPointerException
at org.openqa.selenium.support.pagefactory.internal.LocatingElementHandler.invoke(LocatingElementHandler.java:51)
at com.sun.proxy.$Proxy11.toString(Unknown Source)
at java.lang.String.valueOf(Unknown Source)
at java.lang.StringBuilder.append(Unknown Source)
at helper.DriverOperations.selectDropdownOptionByVisibleText(DriverOperations.java:199)
at pages.SmartRetentionPage.Setrule(SmartRetentionPage.java:91)
at tests.SmartRetentionPageTest.setAsociation(SmartRetentionPageTest.java:65)
... Removed 28 stack frames]]>
    </failure>
  </testcase> <!-- setAsociation -->
  <testcase name="@BeforeSuite initiateSute" time="0.0" classname="testbase.TestBase">
    <ignored/>
  </testcase> <!-- @BeforeSuite initiateSute -->
  <testcase name="@BeforeSuite initiateSute" time="0.0" classname="testbase.TestBase">
    <ignored/>
  </testcase> <!-- @BeforeSuite initiateSute -->
  <testcase name="@BeforeSuite initiateSute" time="0.0" classname="testbase.TestBase">
    <ignored/>
  </testcase> <!-- @BeforeSuite initiateSute -->
  <testcase name="@BeforeSuite initiateSute" time="0.0" classname="testbase.TestBase">
    <ignored/>
  </testcase> <!-- @BeforeSuite initiateSute -->
</testsuite> <!-- Smoke test -->
